\BOOKMARK [0][]{chapter.1}{\376\377\000L\000e\000c\000\040\000\040\0001\000\040\000\040\210\124\143\245\213\376}{}% 1
\BOOKMARK [1][]{section.1.1}{\376\377\0001\000.\0001\000\040\213\260\123\367}{chapter.1}% 2
\BOOKMARK [1][]{section.1.2}{\376\377\0001\000.\0002\000\040\146\040\134\004\000,\147\011\172\167\226\306\000,\145\340\172\167\226\306\116\016\173\111\122\277}{chapter.1}% 3
\BOOKMARK [1][]{section.1.3}{\376\377\0001\000.\0003\000\040\173\033\123\141\134\024\171\357}{chapter.1}% 4
\BOOKMARK [1][]{section.1.4}{\376\377\0001\000.\0004\000\040\173\111\116\367\121\163\174\373\000,\000C\000a\000u\000c\000h\000y\122\027\116\016\133\236\145\160}{chapter.1}% 5
\BOOKMARK [1][]{section.1.5}{\376\377\0001\000.\0005\000\040\137\000\226\306\116\016\225\355\226\306}{chapter.1}% 6
\BOOKMARK [0][]{chapter.2}{\376\377\000L\000e\000c\000\040\000\040\0002\000\040\000\040\145\160\122\027\147\201\226\120}{}% 7
\BOOKMARK [1][]{section.2.1}{\376\377\0002\000.\0001\000\040\145\160\122\027\147\201\226\120\166\204\133\232\116\111}{chapter.2}% 8
\BOOKMARK [1][]{section.2.2}{\376\377\0002\000.\0002\000\040\145\160\122\027\147\201\226\120\133\130\127\050\166\204\121\306\122\031}{chapter.2}% 9
\BOOKMARK [1][]{section.2.3}{\376\377\0002\000.\0003\000\040\145\160\122\027\147\201\226\120\166\204\140\047\215\050}{chapter.2}% 10
\BOOKMARK [1][]{section.2.4}{\376\377\0002\000.\0004\000\040\145\160\122\027\147\201\226\120\166\204\217\320\173\227}{chapter.2}% 11
\BOOKMARK [1][]{section.2.5}{\376\377\0002\000.\0005\000\040\232\330\226\066\145\340\172\167\131\047}{chapter.2}% 12
\BOOKMARK [1][]{section.2.6}{\376\377\0002\000.\0006\000\040\000S\000t\000o\000l\000z\133\232\164\006\123\312\121\166\136\224\165\050}{chapter.2}% 13
\BOOKMARK [1][]{section.2.7}{\376\377\0002\000.\0007\000\040\133\236\145\160\226\306\133\214\131\007\140\047\166\204\116\224\116\052\173\111\116\367\124\175\230\230}{chapter.2}% 14
\BOOKMARK [1][]{section.2.8}{\376\377\0002\000.\0008\000\040\176\374\124\010\176\303\116\140}{chapter.2}% 15
\BOOKMARK [0][]{chapter.3}{\376\377\000L\000e\000c\000\040\000\040\0003\000\040\000\040\121\375\145\160\147\201\226\120}{}% 16
\BOOKMARK [1][]{section.3.1}{\376\377\0003\000.\0001\000\040\121\375\145\160\147\201\226\120\166\204\133\232\116\111}{chapter.3}% 17
\BOOKMARK [1][]{section.3.2}{\376\377\0003\000.\0002\000\040\121\375\145\160\147\201\226\120\166\204\126\333\122\031\217\320\173\227\154\325\122\031}{chapter.3}% 18
\BOOKMARK [1][]{section.3.3}{\376\377\0003\000.\0003\000\040\0003\116\052\221\315\211\201\166\204\121\375\145\160\147\201\226\120\123\312\121\166\213\301\146\016}{chapter.3}% 19
\BOOKMARK [1][]{section.3.4}{\376\377\0003\000.\0004\000\040\121\375\145\160\145\340\172\167\131\047\166\204\153\324\217\203}{chapter.3}% 20
\BOOKMARK [1][]{section.3.5}{\376\377\0003\000.\0005\000\040\121\375\145\160\000y\000=\000f\000\050\000x\000\051\166\204\217\336\176\355\140\047}{chapter.3}% 21
